<?xml version="1.0" encoding="UTF-8"?>
<robot generator="Robot 4.0.2 (Python 3.8.6 on win32)" generated="20220330 21:42:58.549" rpa="false" schemaversion="2">
<suite id="s1" name="F" source="C:\Users\VidyashreeR\PycharmProjects\V1\FetchFunc\f.robot">
<test id="s1-t1" name="Testing Fetchtime">
<kw name="Log To Console" library="BuiltIn">
<arg>C:\\Users\\VidyashreeR\\PycharmProjects\\V1\\FetchFunc</arg>
<doc>Logs the given message to the console.</doc>
<status status="PASS" starttime="20220330 21:42:59.190" endtime="20220330 21:42:59.191"/>
</kw>
<kw name="create_folder">
<msg timestamp="20220330 21:42:59.198" level="FAIL">No keyword with name 'create_folder' found.</msg>
<status status="FAIL" starttime="20220330 21:42:59.198" endtime="20220330 21:42:59.199"/>
</kw>
<kw name="Open Browser" library="SeleniumLibrary">
<arg>${url}</arg>
<arg>Firefox</arg>
<doc>Opens a new browser instance to the optional ``url``.</doc>
<status status="NOT RUN" starttime="20220330 21:42:59.199" endtime="20220330 21:42:59.199"/>
</kw>
<kw name="Maximize Browser Window" library="SeleniumLibrary">
<doc>Maximizes current browser window.</doc>
<status status="NOT RUN" starttime="20220330 21:42:59.200" endtime="20220330 21:42:59.200"/>
</kw>
<kw name="Get Location" library="SeleniumLibrary">
<var>${ActualUrl}</var>
<doc>Returns the current browser window URL.</doc>
<status status="NOT RUN" starttime="20220330 21:42:59.201" endtime="20220330 21:42:59.201"/>
</kw>
<kw name="Log" library="BuiltIn">
<arg>${ActualUrl}</arg>
<doc>Logs the given message with the given level.</doc>
<status status="NOT RUN" starttime="20220330 21:42:59.202" endtime="20220330 21:42:59.202"/>
</kw>
<status status="FAIL" starttime="20220330 21:42:59.188" endtime="20220330 21:42:59.203">No keyword with name 'create_folder' found.</status>
</test>
<status status="FAIL" starttime="20220330 21:42:58.556" endtime="20220330 21:42:59.208"/>
</suite>
<statistics>
<total>
<stat pass="0" fail="1" skip="0">All Tests</stat>
</total>
<tag>
</tag>
<suite>
<stat pass="0" fail="1" skip="0" id="s1" name="F">F</stat>
</suite>
</statistics>
<errors>
</errors>
</robot>
